The target system is: Generic -  - arm
The host system is: Linux - 5.4.0-80-generic - x86_64
Compiling the C compiler identification source file "CMakeCCompilerId.c" succeeded.
Compiler: /usr/bin/arm-none-eabi-gcc 
Build flags: -mcpu=cortex-m3;-std=gnu99;-fdata-sections;-ffunction-sections;-Wall
Id flags: -c 

The output was:
0


Compilation of the C compiler identification source "CMakeCCompilerId.c" produced "CMakeCCompilerId.o"

The C compiler identification is GNU, found in "/home/pony/balanceCar_freertos/Core/build/CMakeFiles/3.10.2/CompilerIdC/CMakeCCompilerId.o"

Compiling the CXX compiler identification source file "CMakeCXXCompilerId.cpp" succeeded.
Compiler: /usr/bin/arm-none-eabi-g++ 
Build flags: -mcpu=cortex-m3;-std=c++17;-fno-rtti;-fno-exceptions;-Wall;-fdata-sections;-ffunction-sections;-MD;-Wall
Id flags: -c 

The output was:
0


Compilation of the CXX compiler identification source "CMakeCXXCompilerId.cpp" produced "CMakeCXXCompilerId.d"

Compilation of the CXX compiler identification source "CMakeCXXCompilerId.cpp" produced "CMakeCXXCompilerId.o"

The CXX compiler identification is GNU, found in "/home/pony/balanceCar_freertos/Core/build/CMakeFiles/3.10.2/CompilerIdCXX/CMakeCXXCompilerId.o"

Determining if the C compiler works passed with the following output:
Change Dir: /home/pony/balanceCar_freertos/Core/build/CMakeFiles/CMakeTmp

Run Build Command:"/usr/bin/ninja" "cmTC_b9a34"
[1/2] Building C object CMakeFiles/cmTC_b9a34.dir/testCCompiler.c.obj
[2/2] Linking C executable cmTC_b9a34
/usr/lib/gcc/arm-none-eabi/6.3.1/../../../arm-none-eabi/bin/ld: warning: cannot find entry symbol Reset_Handler; defaulting to 0000000008000000


Detecting C compiler ABI info compiled with the following output:
Change Dir: /home/pony/balanceCar_freertos/Core/build/CMakeFiles/CMakeTmp

Run Build Command:"/usr/bin/ninja" "cmTC_b8564"
[1/2] Building C object CMakeFiles/cmTC_b8564.dir/CMakeCCompilerABI.c.obj
[2/2] Linking C executable cmTC_b8564
Using built-in specs.
Reading specs from /usr/lib/gcc/arm-none-eabi/6.3.1/../../../arm-none-eabi/lib/nosys.specs
rename spec link_gcc_c_sequence to nosys_link_gcc_c_sequence
COLLECT_GCC=/usr/bin/arm-none-eabi-gcc
COLLECT_LTO_WRAPPER=/usr/lib/gcc/arm-none-eabi/6.3.1/lto-wrapper
Target: arm-none-eabi
Configured with: ../src/configure --build=x86_64-linux-gnu --prefix=/usr --includedir='/usr/lib/include' --mandir='/usr/lib/share/man' --infodir='/usr/lib/share/info' --sysconfdir=/etc --localstatedir=/var --disable-silent-rules --libdir='/usr/lib/lib/x86_64-linux-gnu' --libexecdir='/usr/lib/lib/x86_64-linux-gnu' --disable-maintainer-mode --disable-dependency-tracking --mandir=/usr/share/man --enable-languages=c,c++,lto --enable-multilib --disable-decimal-float --disable-libffi --disable-libgomp --disable-libmudflap --disable-libquadmath --disable-libssp --disable-libstdcxx-pch --disable-nls --disable-shared --disable-threads --disable-tls --build=x86_64-linux-gnu --target=arm-none-eabi --with-system-zlib --with-gnu-as --with-gnu-ld --with-pkgversion=15:6.3.1+svn253039-1build1 --without-included-gettext --prefix=/usr/lib --infodir=/usr/share/doc/gcc-arm-none-eabi/info --htmldir=/usr/share/doc/gcc-arm-none-eabi/html --pdfdir=/usr/share/doc/gcc-arm-none-eabi/pdf --bindir=/usr/bin --libexecdir=/usr/lib --libdir=/usr/lib --disable-libstdc++-v3 --host=x86_64-linux-gnu --with-headers=no --without-newlib --with-multilib-list=rmprofile CFLAGS='-g -O2 -fdebug-prefix-map=/build/gcc-arm-none-eabi-iopiMw/gcc-arm-none-eabi-6.3.1+svn253039=. -fstack-protector-strong' CPPFLAGS='-Wdate-time -D_FORTIFY_SOURCE=2' CXXFLAGS='-g -O2 -fdebug-prefix-map=/build/gcc-arm-none-eabi-iopiMw/gcc-arm-none-eabi-6.3.1+svn253039=. -fstack-protector-strong' FCFLAGS='-g -O2 -fdebug-prefix-map=/build/gcc-arm-none-eabi-iopiMw/gcc-arm-none-eabi-6.3.1+svn253039=. -fstack-protector-strong' FFLAGS='-g -O2 -fdebug-prefix-map=/build/gcc-arm-none-eabi-iopiMw/gcc-arm-none-eabi-6.3.1+svn253039=. -fstack-protector-strong' GCJFLAGS='-g -O2 -fdebug-prefix-map=/build/gcc-arm-none-eabi-iopiMw/gcc-arm-none-eabi-6.3.1+svn253039=. -fstack-protector-strong' LDFLAGS='-Wl,-Bsymbolic-functions -Wl,-z,relro' OBJCFLAGS='-g -O2 -fdebug-prefix-map=/build/gcc-arm-none-eabi-iopiMw/gcc-arm-none-eabi-6.3.1+svn253039=. -fstack-protector-strong' OBJCXXFLAGS='-g -O2 -fdebug-prefix-map=/build/gcc-arm-none-eabi-iopiMw/gcc-arm-none-eabi-6.3.1+svn253039=. -fstack-protector-strong' INHIBIT_LIBC_CFLAGS=-DUSE_TM_CLONE_REGISTRY=0 AR_FOR_TARGET=arm-none-eabi-ar AS_FOR_TARGET=arm-none-eabi-as LD_FOR_TARGET=arm-none-eabi-ld NM_FOR_TARGET=arm-none-eabi-nm OBJDUMP_FOR_TARGET=arm-none-eabi-objdump RANLIB_FOR_TARGET=arm-none-eabi-ranlib READELF_FOR_TARGET=arm-none-eabi-readelf STRIP_FOR_TARGET=arm-none-eabi-strip
Thread model: single
gcc version 6.3.1 20170620 (15:6.3.1+svn253039-1build1) 
COMPILER_PATH=/usr/lib/gcc/arm-none-eabi/6.3.1/:/usr/lib/gcc/arm-none-eabi/6.3.1/:/usr/lib/gcc/arm-none-eabi/:/usr/lib/gcc/arm-none-eabi/6.3.1/:/usr/lib/gcc/arm-none-eabi/:/usr/lib/gcc/arm-none-eabi/6.3.1/../../../arm-none-eabi/bin/
LIBRARY_PATH=/usr/lib/gcc/arm-none-eabi/6.3.1/thumb/v7-m/:/usr/lib/gcc/arm-none-eabi/6.3.1/../../../arm-none-eabi/lib/thumb/v7-m/:/usr/lib/gcc/arm-none-eabi/6.3.1/:/usr/lib/gcc/arm-none-eabi/6.3.1/../../../arm-none-eabi/lib/
COLLECT_GCC_OPTIONS='-mcpu=cortex-m3' '-std=gnu99' '-fdata-sections' '-ffunction-sections' '-Wall' '-T' '/home/pony/STM32Cube/Repository/STM32Cube_FW_F1_V1.8.4/Projects/STM32F103RB-Nucleo/Templates/SW4STM32/STM32F103RB_Nucleo/STM32F103VBIx_FLASH.ld' '-specs=nosys.specs' '-v' '-o' 'cmTC_b8564' '-mthumb'
 /usr/lib/gcc/arm-none-eabi/6.3.1/collect2 -plugin /usr/lib/gcc/arm-none-eabi/6.3.1/liblto_plugin.so -plugin-opt=/usr/lib/gcc/arm-none-eabi/6.3.1/lto-wrapper -plugin-opt=-fresolution=/tmp/ccahw91q.res -plugin-opt=-pass-through=-lgcc -plugin-opt=-pass-through=-lc -plugin-opt=-pass-through=-lgcc -plugin-opt=-pass-through=-lc -plugin-opt=-pass-through=-lnosys -X -o cmTC_b8564 /usr/lib/gcc/arm-none-eabi/6.3.1/thumb/v7-m/crti.o /usr/lib/gcc/arm-none-eabi/6.3.1/thumb/v7-m/crtbegin.o /usr/lib/gcc/arm-none-eabi/6.3.1/../../../arm-none-eabi/lib/thumb/v7-m/crt0.o -L/usr/lib/gcc/arm-none-eabi/6.3.1/thumb/v7-m -L/usr/lib/gcc/arm-none-eabi/6.3.1/../../../arm-none-eabi/lib/thumb/v7-m -L/usr/lib/gcc/arm-none-eabi/6.3.1 -L/usr/lib/gcc/arm-none-eabi/6.3.1/../../../arm-none-eabi/lib --gc-sections CMakeFiles/cmTC_b8564.dir/CMakeCCompilerABI.c.obj --start-group -lgcc -lc --end-group --start-group -lgcc -lc -lnosys --end-group /usr/lib/gcc/arm-none-eabi/6.3.1/thumb/v7-m/crtend.o /usr/lib/gcc/arm-none-eabi/6.3.1/thumb/v7-m/crtn.o -T /home/pony/STM32Cube/Repository/STM32Cube_FW_F1_V1.8.4/Projects/STM32F103RB-Nucleo/Templates/SW4STM32/STM32F103RB_Nucleo/STM32F103VBIx_FLASH.ld
/usr/lib/gcc/arm-none-eabi/6.3.1/../../../arm-none-eabi/bin/ld: warning: cannot find entry symbol Reset_Handler; defaulting to 0000000008000000
COLLECT_GCC_OPTIONS='-mcpu=cortex-m3' '-std=gnu99' '-fdata-sections' '-ffunction-sections' '-Wall' '-T' '/home/pony/STM32Cube/Repository/STM32Cube_FW_F1_V1.8.4/Projects/STM32F103RB-Nucleo/Templates/SW4STM32/STM32F103RB_Nucleo/STM32F103VBIx_FLASH.ld' '-specs=nosys.specs' '-v' '-o' 'cmTC_b8564' '-mthumb'


Parsed C implicit link information from above output:
  link line regex: [^( *|.*[/\])(arm-none-eabi-ld|CMAKE_LINK_STARTFILE-NOTFOUND|([^/\]+-)?ld|collect2)[^/\]*( |$)]
  ignore line: [Change Dir: /home/pony/balanceCar_freertos/Core/build/CMakeFiles/CMakeTmp]
  ignore line: []
  ignore line: [Run Build Command:"/usr/bin/ninja" "cmTC_b8564"]
  ignore line: [[1/2] Building C object CMakeFiles/cmTC_b8564.dir/CMakeCCompilerABI.c.obj]
  ignore line: [[2/2] Linking C executable cmTC_b8564]
  ignore line: [Using built-in specs.]
  ignore line: [Reading specs from /usr/lib/gcc/arm-none-eabi/6.3.1/../../../arm-none-eabi/lib/nosys.specs]
  ignore line: [rename spec link_gcc_c_sequence to nosys_link_gcc_c_sequence]
  ignore line: [COLLECT_GCC=/usr/bin/arm-none-eabi-gcc]
  ignore line: [COLLECT_LTO_WRAPPER=/usr/lib/gcc/arm-none-eabi/6.3.1/lto-wrapper]
  ignore line: [Target: arm-none-eabi]
  ignore line: [Configured with: ../src/configure --build=x86_64-linux-gnu --prefix=/usr --includedir='/usr/lib/include' --mandir='/usr/lib/share/man' --infodir='/usr/lib/share/info' --sysconfdir=/etc --localstatedir=/var --disable-silent-rules --libdir='/usr/lib/lib/x86_64-linux-gnu' --libexecdir='/usr/lib/lib/x86_64-linux-gnu' --disable-maintainer-mode --disable-dependency-tracking --mandir=/usr/share/man --enable-languages=c,c++,lto --enable-multilib --disable-decimal-float --disable-libffi --disable-libgomp --disable-libmudflap --disable-libquadmath --disable-libssp --disable-libstdcxx-pch --disable-nls --disable-shared --disable-threads --disable-tls --build=x86_64-linux-gnu --target=arm-none-eabi --with-system-zlib --with-gnu-as --with-gnu-ld --with-pkgversion=15:6.3.1+svn253039-1build1 --without-included-gettext --prefix=/usr/lib --infodir=/usr/share/doc/gcc-arm-none-eabi/info --htmldir=/usr/share/doc/gcc-arm-none-eabi/html --pdfdir=/usr/share/doc/gcc-arm-none-eabi/pdf --bindir=/usr/bin --libexecdir=/usr/lib --libdir=/usr/lib --disable-libstdc++-v3 --host=x86_64-linux-gnu --with-headers=no --without-newlib --with-multilib-list=rmprofile CFLAGS='-g -O2 -fdebug-prefix-map=/build/gcc-arm-none-eabi-iopiMw/gcc-arm-none-eabi-6.3.1+svn253039=. -fstack-protector-strong' CPPFLAGS='-Wdate-time -D_FORTIFY_SOURCE=2' CXXFLAGS='-g -O2 -fdebug-prefix-map=/build/gcc-arm-none-eabi-iopiMw/gcc-arm-none-eabi-6.3.1+svn253039=. -fstack-protector-strong' FCFLAGS='-g -O2 -fdebug-prefix-map=/build/gcc-arm-none-eabi-iopiMw/gcc-arm-none-eabi-6.3.1+svn253039=. -fstack-protector-strong' FFLAGS='-g -O2 -fdebug-prefix-map=/build/gcc-arm-none-eabi-iopiMw/gcc-arm-none-eabi-6.3.1+svn253039=. -fstack-protector-strong' GCJFLAGS='-g -O2 -fdebug-prefix-map=/build/gcc-arm-none-eabi-iopiMw/gcc-arm-none-eabi-6.3.1+svn253039=. -fstack-protector-strong' LDFLAGS='-Wl,-Bsymbolic-functions -Wl,-z,relro' OBJCFLAGS='-g -O2 -fdebug-prefix-map=/build/gcc-arm-none-eabi-iopiMw/gcc-arm-none-eabi-6.3.1+svn253039=. -fstack-protector-strong' OBJCXXFLAGS='-g -O2 -fdebug-prefix-map=/build/gcc-arm-none-eabi-iopiMw/gcc-arm-none-eabi-6.3.1+svn253039=. -fstack-protector-strong' INHIBIT_LIBC_CFLAGS=-DUSE_TM_CLONE_REGISTRY=0 AR_FOR_TARGET=arm-none-eabi-ar AS_FOR_TARGET=arm-none-eabi-as LD_FOR_TARGET=arm-none-eabi-ld NM_FOR_TARGET=arm-none-eabi-nm OBJDUMP_FOR_TARGET=arm-none-eabi-objdump RANLIB_FOR_TARGET=arm-none-eabi-ranlib READELF_FOR_TARGET=arm-none-eabi-readelf STRIP_FOR_TARGET=arm-none-eabi-strip]
  ignore line: [Thread model: single]
  ignore line: [gcc version 6.3.1 20170620 (15:6.3.1+svn253039-1build1) ]
  ignore line: [COMPILER_PATH=/usr/lib/gcc/arm-none-eabi/6.3.1/:/usr/lib/gcc/arm-none-eabi/6.3.1/:/usr/lib/gcc/arm-none-eabi/:/usr/lib/gcc/arm-none-eabi/6.3.1/:/usr/lib/gcc/arm-none-eabi/:/usr/lib/gcc/arm-none-eabi/6.3.1/../../../arm-none-eabi/bin/]
  ignore line: [LIBRARY_PATH=/usr/lib/gcc/arm-none-eabi/6.3.1/thumb/v7-m/:/usr/lib/gcc/arm-none-eabi/6.3.1/../../../arm-none-eabi/lib/thumb/v7-m/:/usr/lib/gcc/arm-none-eabi/6.3.1/:/usr/lib/gcc/arm-none-eabi/6.3.1/../../../arm-none-eabi/lib/]
  ignore line: [COLLECT_GCC_OPTIONS='-mcpu=cortex-m3' '-std=gnu99' '-fdata-sections' '-ffunction-sections' '-Wall' '-T' '/home/pony/STM32Cube/Repository/STM32Cube_FW_F1_V1.8.4/Projects/STM32F103RB-Nucleo/Templates/SW4STM32/STM32F103RB_Nucleo/STM32F103VBIx_FLASH.ld' '-specs=nosys.specs' '-v' '-o' 'cmTC_b8564' '-mthumb']
  link line: [ /usr/lib/gcc/arm-none-eabi/6.3.1/collect2 -plugin /usr/lib/gcc/arm-none-eabi/6.3.1/liblto_plugin.so -plugin-opt=/usr/lib/gcc/arm-none-eabi/6.3.1/lto-wrapper -plugin-opt=-fresolution=/tmp/ccahw91q.res -plugin-opt=-pass-through=-lgcc -plugin-opt=-pass-through=-lc -plugin-opt=-pass-through=-lgcc -plugin-opt=-pass-through=-lc -plugin-opt=-pass-through=-lnosys -X -o cmTC_b8564 /usr/lib/gcc/arm-none-eabi/6.3.1/thumb/v7-m/crti.o /usr/lib/gcc/arm-none-eabi/6.3.1/thumb/v7-m/crtbegin.o /usr/lib/gcc/arm-none-eabi/6.3.1/../../../arm-none-eabi/lib/thumb/v7-m/crt0.o -L/usr/lib/gcc/arm-none-eabi/6.3.1/thumb/v7-m -L/usr/lib/gcc/arm-none-eabi/6.3.1/../../../arm-none-eabi/lib/thumb/v7-m -L/usr/lib/gcc/arm-none-eabi/6.3.1 -L/usr/lib/gcc/arm-none-eabi/6.3.1/../../../arm-none-eabi/lib --gc-sections CMakeFiles/cmTC_b8564.dir/CMakeCCompilerABI.c.obj --start-group -lgcc -lc --end-group --start-group -lgcc -lc -lnosys --end-group /usr/lib/gcc/arm-none-eabi/6.3.1/thumb/v7-m/crtend.o /usr/lib/gcc/arm-none-eabi/6.3.1/thumb/v7-m/crtn.o -T /home/pony/STM32Cube/Repository/STM32Cube_FW_F1_V1.8.4/Projects/STM32F103RB-Nucleo/Templates/SW4STM32/STM32F103RB_Nucleo/STM32F103VBIx_FLASH.ld]
    arg [/usr/lib/gcc/arm-none-eabi/6.3.1/collect2] ==> ignore
    arg [-plugin] ==> ignore
    arg [/usr/lib/gcc/arm-none-eabi/6.3.1/liblto_plugin.so] ==> ignore
    arg [-plugin-opt=/usr/lib/gcc/arm-none-eabi/6.3.1/lto-wrapper] ==> ignore
    arg [-plugin-opt=-fresolution=/tmp/ccahw91q.res] ==> ignore
    arg [-plugin-opt=-pass-through=-lgcc] ==> ignore
    arg [-plugin-opt=-pass-through=-lc] ==> ignore
    arg [-plugin-opt=-pass-through=-lgcc] ==> ignore
    arg [-plugin-opt=-pass-through=-lc] ==> ignore
    arg [-plugin-opt=-pass-through=-lnosys] ==> ignore
    arg [-X] ==> ignore
    arg [-o] ==> ignore
    arg [cmTC_b8564] ==> ignore
    arg [/usr/lib/gcc/arm-none-eabi/6.3.1/thumb/v7-m/crti.o] ==> ignore
    arg [/usr/lib/gcc/arm-none-eabi/6.3.1/thumb/v7-m/crtbegin.o] ==> ignore
    arg [/usr/lib/gcc/arm-none-eabi/6.3.1/../../../arm-none-eabi/lib/thumb/v7-m/crt0.o] ==> ignore
    arg [-L/usr/lib/gcc/arm-none-eabi/6.3.1/thumb/v7-m] ==> dir [/usr/lib/gcc/arm-none-eabi/6.3.1/thumb/v7-m]
    arg [-L/usr/lib/gcc/arm-none-eabi/6.3.1/../../../arm-none-eabi/lib/thumb/v7-m] ==> dir [/usr/lib/gcc/arm-none-eabi/6.3.1/../../../arm-none-eabi/lib/thumb/v7-m]
    arg [-L/usr/lib/gcc/arm-none-eabi/6.3.1] ==> dir [/usr/lib/gcc/arm-none-eabi/6.3.1]
    arg [-L/usr/lib/gcc/arm-none-eabi/6.3.1/../../../arm-none-eabi/lib] ==> dir [/usr/lib/gcc/arm-none-eabi/6.3.1/../../../arm-none-eabi/lib]
    arg [--gc-sections] ==> ignore
    arg [CMakeFiles/cmTC_b8564.dir/CMakeCCompilerABI.c.obj] ==> ignore
    arg [--start-group] ==> ignore
    arg [-lgcc] ==> lib [gcc]
    arg [-lc] ==> lib [c]
    arg [--end-group] ==> ignore
    arg [--start-group] ==> ignore
    arg [-lgcc] ==> lib [gcc]
    arg [-lc] ==> lib [c]
    arg [-lnosys] ==> lib [nosys]
    arg [--end-group] ==> ignore
    arg [/usr/lib/gcc/arm-none-eabi/6.3.1/thumb/v7-m/crtend.o] ==> ignore
    arg [/usr/lib/gcc/arm-none-eabi/6.3.1/thumb/v7-m/crtn.o] ==> ignore
    arg [-T] ==> ignore
    arg [/home/pony/STM32Cube/Repository/STM32Cube_FW_F1_V1.8.4/Projects/STM32F103RB-Nucleo/Templates/SW4STM32/STM32F103RB_Nucleo/STM32F103VBIx_FLASH.ld] ==> ignore
  collapse library dir [/usr/lib/gcc/arm-none-eabi/6.3.1/thumb/v7-m] ==> [/usr/lib/gcc/arm-none-eabi/6.3.1/thumb/v7-m]
  collapse library dir [/usr/lib/gcc/arm-none-eabi/6.3.1/../../../arm-none-eabi/lib/thumb/v7-m] ==> [/usr/lib/arm-none-eabi/lib/thumb/v7-m]
  collapse library dir [/usr/lib/gcc/arm-none-eabi/6.3.1] ==> [/usr/lib/gcc/arm-none-eabi/6.3.1]
  collapse library dir [/usr/lib/gcc/arm-none-eabi/6.3.1/../../../arm-none-eabi/lib] ==> [/usr/lib/arm-none-eabi/lib]
  implicit libs: [gcc;c;gcc;c;nosys]
  implicit dirs: [/usr/lib/gcc/arm-none-eabi/6.3.1/thumb/v7-m;/usr/lib/arm-none-eabi/lib/thumb/v7-m;/usr/lib/gcc/arm-none-eabi/6.3.1;/usr/lib/arm-none-eabi/lib]
  implicit fwks: []




Detecting C [-std=c11] compiler features compiled with the following output:
Change Dir: /home/pony/balanceCar_freertos/Core/build/CMakeFiles/CMakeTmp

Run Build Command:"/usr/bin/ninja" "cmTC_1598f"
[1/2] Building C object CMakeFiles/cmTC_1598f.dir/feature_tests.c.obj
[2/2] Linking C executable cmTC_1598f
/usr/lib/gcc/arm-none-eabi/6.3.1/../../../arm-none-eabi/bin/ld: warning: cannot find entry symbol Reset_Handler; defaulting to 0000000008000000




Detecting C [-std=c99] compiler features compiled with the following output:
Change Dir: /home/pony/balanceCar_freertos/Core/build/CMakeFiles/CMakeTmp

Run Build Command:"/usr/bin/ninja" "cmTC_4d813"
[1/2] Building C object CMakeFiles/cmTC_4d813.dir/feature_tests.c.obj
[2/2] Linking C executable cmTC_4d813
/usr/lib/gcc/arm-none-eabi/6.3.1/../../../arm-none-eabi/bin/ld: warning: cannot find entry symbol Reset_Handler; defaulting to 0000000008000000




Detecting C [-std=c90] compiler features compiled with the following output:
Change Dir: /home/pony/balanceCar_freertos/Core/build/CMakeFiles/CMakeTmp

Run Build Command:"/usr/bin/ninja" "cmTC_7fba3"
[1/2] Building C object CMakeFiles/cmTC_7fba3.dir/feature_tests.c.obj
[2/2] Linking C executable cmTC_7fba3
/usr/lib/gcc/arm-none-eabi/6.3.1/../../../arm-none-eabi/bin/ld: warning: cannot find entry symbol Reset_Handler; defaulting to 0000000008000000


Determining if the CXX compiler works passed with the following output:
Change Dir: /home/pony/balanceCar_freertos/Core/build/CMakeFiles/CMakeTmp

Run Build Command:"/usr/bin/ninja" "cmTC_b8c85"
[1/2] Building CXX object CMakeFiles/cmTC_b8c85.dir/testCXXCompiler.cxx.obj
[2/2] Linking CXX executable cmTC_b8c85
/usr/lib/gcc/arm-none-eabi/6.3.1/../../../arm-none-eabi/bin/ld: warning: cannot find entry symbol Reset_Handler; defaulting to 0000000008000000


Detecting CXX compiler ABI info compiled with the following output:
Change Dir: /home/pony/balanceCar_freertos/Core/build/CMakeFiles/CMakeTmp

Run Build Command:"/usr/bin/ninja" "cmTC_0bb7f"
[1/2] Building CXX object CMakeFiles/cmTC_0bb7f.dir/CMakeCXXCompilerABI.cpp.obj
[2/2] Linking CXX executable cmTC_0bb7f
Using built-in specs.
Reading specs from /usr/lib/gcc/arm-none-eabi/6.3.1/../../../arm-none-eabi/lib/nosys.specs
rename spec link_gcc_c_sequence to nosys_link_gcc_c_sequence
COLLECT_GCC=/usr/bin/arm-none-eabi-g++
COLLECT_LTO_WRAPPER=/usr/lib/gcc/arm-none-eabi/6.3.1/lto-wrapper
Target: arm-none-eabi
Configured with: ../src/configure --build=x86_64-linux-gnu --prefix=/usr --includedir='/usr/lib/include' --mandir='/usr/lib/share/man' --infodir='/usr/lib/share/info' --sysconfdir=/etc --localstatedir=/var --disable-silent-rules --libdir='/usr/lib/lib/x86_64-linux-gnu' --libexecdir='/usr/lib/lib/x86_64-linux-gnu' --disable-maintainer-mode --disable-dependency-tracking --mandir=/usr/share/man --enable-languages=c,c++,lto --enable-multilib --disable-decimal-float --disable-libffi --disable-libgomp --disable-libmudflap --disable-libquadmath --disable-libssp --disable-libstdcxx-pch --disable-nls --disable-shared --disable-threads --disable-tls --build=x86_64-linux-gnu --target=arm-none-eabi --with-system-zlib --with-gnu-as --with-gnu-ld --with-pkgversion=15:6.3.1+svn253039-1build1 --without-included-gettext --prefix=/usr/lib --infodir=/usr/share/doc/gcc-arm-none-eabi/info --htmldir=/usr/share/doc/gcc-arm-none-eabi/html --pdfdir=/usr/share/doc/gcc-arm-none-eabi/pdf --bindir=/usr/bin --libexecdir=/usr/lib --libdir=/usr/lib --disable-libstdc++-v3 --host=x86_64-linux-gnu --with-headers=no --without-newlib --with-multilib-list=rmprofile CFLAGS='-g -O2 -fdebug-prefix-map=/build/gcc-arm-none-eabi-iopiMw/gcc-arm-none-eabi-6.3.1+svn253039=. -fstack-protector-strong' CPPFLAGS='-Wdate-time -D_FORTIFY_SOURCE=2' CXXFLAGS='-g -O2 -fdebug-prefix-map=/build/gcc-arm-none-eabi-iopiMw/gcc-arm-none-eabi-6.3.1+svn253039=. -fstack-protector-strong' FCFLAGS='-g -O2 -fdebug-prefix-map=/build/gcc-arm-none-eabi-iopiMw/gcc-arm-none-eabi-6.3.1+svn253039=. -fstack-protector-strong' FFLAGS='-g -O2 -fdebug-prefix-map=/build/gcc-arm-none-eabi-iopiMw/gcc-arm-none-eabi-6.3.1+svn253039=. -fstack-protector-strong' GCJFLAGS='-g -O2 -fdebug-prefix-map=/build/gcc-arm-none-eabi-iopiMw/gcc-arm-none-eabi-6.3.1+svn253039=. -fstack-protector-strong' LDFLAGS='-Wl,-Bsymbolic-functions -Wl,-z,relro' OBJCFLAGS='-g -O2 -fdebug-prefix-map=/build/gcc-arm-none-eabi-iopiMw/gcc-arm-none-eabi-6.3.1+svn253039=. -fstack-protector-strong' OBJCXXFLAGS='-g -O2 -fdebug-prefix-map=/build/gcc-arm-none-eabi-iopiMw/gcc-arm-none-eabi-6.3.1+svn253039=. -fstack-protector-strong' INHIBIT_LIBC_CFLAGS=-DUSE_TM_CLONE_REGISTRY=0 AR_FOR_TARGET=arm-none-eabi-ar AS_FOR_TARGET=arm-none-eabi-as LD_FOR_TARGET=arm-none-eabi-ld NM_FOR_TARGET=arm-none-eabi-nm OBJDUMP_FOR_TARGET=arm-none-eabi-objdump RANLIB_FOR_TARGET=arm-none-eabi-ranlib READELF_FOR_TARGET=arm-none-eabi-readelf STRIP_FOR_TARGET=arm-none-eabi-strip
Thread model: single
gcc version 6.3.1 20170620 (15:6.3.1+svn253039-1build1) 
COMPILER_PATH=/usr/lib/gcc/arm-none-eabi/6.3.1/:/usr/lib/gcc/arm-none-eabi/6.3.1/:/usr/lib/gcc/arm-none-eabi/:/usr/lib/gcc/arm-none-eabi/6.3.1/:/usr/lib/gcc/arm-none-eabi/:/usr/lib/gcc/arm-none-eabi/6.3.1/../../../arm-none-eabi/bin/
LIBRARY_PATH=/usr/lib/gcc/arm-none-eabi/6.3.1/thumb/v7-m/:/usr/lib/gcc/arm-none-eabi/6.3.1/../../../arm-none-eabi/lib/thumb/v7-m/:/usr/lib/gcc/arm-none-eabi/6.3.1/:/usr/lib/gcc/arm-none-eabi/6.3.1/../../../arm-none-eabi/lib/
COLLECT_GCC_OPTIONS='-mcpu=cortex-m3' '-std=c++1z' '-fno-rtti' '-fno-exceptions' '-fdata-sections' '-ffunction-sections' '-MD' '-Wall' '-T' '/home/pony/STM32Cube/Repository/STM32Cube_FW_F1_V1.8.4/Projects/STM32F103RB-Nucleo/Templates/SW4STM32/STM32F103RB_Nucleo/STM32F103VBIx_FLASH.ld' '-specs=nosys.specs' '-v' '-o' 'cmTC_0bb7f' '-mthumb'
 /usr/lib/gcc/arm-none-eabi/6.3.1/collect2 -plugin /usr/lib/gcc/arm-none-eabi/6.3.1/liblto_plugin.so -plugin-opt=/usr/lib/gcc/arm-none-eabi/6.3.1/lto-wrapper -plugin-opt=-fresolution=/tmp/cc403y8B.res -plugin-opt=-pass-through=-lgcc -plugin-opt=-pass-through=-lc -plugin-opt=-pass-through=-lgcc -plugin-opt=-pass-through=-lc -plugin-opt=-pass-through=-lnosys -X -o cmTC_0bb7f /usr/lib/gcc/arm-none-eabi/6.3.1/thumb/v7-m/crti.o /usr/lib/gcc/arm-none-eabi/6.3.1/thumb/v7-m/crtbegin.o /usr/lib/gcc/arm-none-eabi/6.3.1/../../../arm-none-eabi/lib/thumb/v7-m/crt0.o -L/usr/lib/gcc/arm-none-eabi/6.3.1/thumb/v7-m -L/usr/lib/gcc/arm-none-eabi/6.3.1/../../../arm-none-eabi/lib/thumb/v7-m -L/usr/lib/gcc/arm-none-eabi/6.3.1 -L/usr/lib/gcc/arm-none-eabi/6.3.1/../../../arm-none-eabi/lib --gc-sections CMakeFiles/cmTC_0bb7f.dir/CMakeCXXCompilerABI.cpp.obj -lstdc++ -lm --start-group -lgcc -lc --end-group --start-group -lgcc -lc -lnosys --end-group /usr/lib/gcc/arm-none-eabi/6.3.1/thumb/v7-m/crtend.o /usr/lib/gcc/arm-none-eabi/6.3.1/thumb/v7-m/crtn.o -T /home/pony/STM32Cube/Repository/STM32Cube_FW_F1_V1.8.4/Projects/STM32F103RB-Nucleo/Templates/SW4STM32/STM32F103RB_Nucleo/STM32F103VBIx_FLASH.ld
/usr/lib/gcc/arm-none-eabi/6.3.1/../../../arm-none-eabi/bin/ld: warning: cannot find entry symbol Reset_Handler; defaulting to 0000000008000000
COLLECT_GCC_OPTIONS='-mcpu=cortex-m3' '-std=c++1z' '-fno-rtti' '-fno-exceptions' '-fdata-sections' '-ffunction-sections' '-MD' '-Wall' '-T' '/home/pony/STM32Cube/Repository/STM32Cube_FW_F1_V1.8.4/Projects/STM32F103RB-Nucleo/Templates/SW4STM32/STM32F103RB_Nucleo/STM32F103VBIx_FLASH.ld' '-specs=nosys.specs' '-v' '-o' 'cmTC_0bb7f' '-mthumb'


Parsed CXX implicit link information from above output:
  link line regex: [^( *|.*[/\])(arm-none-eabi-ld|CMAKE_LINK_STARTFILE-NOTFOUND|([^/\]+-)?ld|collect2)[^/\]*( |$)]
  ignore line: [Change Dir: /home/pony/balanceCar_freertos/Core/build/CMakeFiles/CMakeTmp]
  ignore line: []
  ignore line: [Run Build Command:"/usr/bin/ninja" "cmTC_0bb7f"]
  ignore line: [[1/2] Building CXX object CMakeFiles/cmTC_0bb7f.dir/CMakeCXXCompilerABI.cpp.obj]
  ignore line: [[2/2] Linking CXX executable cmTC_0bb7f]
  ignore line: [Using built-in specs.]
  ignore line: [Reading specs from /usr/lib/gcc/arm-none-eabi/6.3.1/../../../arm-none-eabi/lib/nosys.specs]
  ignore line: [rename spec link_gcc_c_sequence to nosys_link_gcc_c_sequence]
  ignore line: [COLLECT_GCC=/usr/bin/arm-none-eabi-g++]
  ignore line: [COLLECT_LTO_WRAPPER=/usr/lib/gcc/arm-none-eabi/6.3.1/lto-wrapper]
  ignore line: [Target: arm-none-eabi]
  ignore line: [Configured with: ../src/configure --build=x86_64-linux-gnu --prefix=/usr --includedir='/usr/lib/include' --mandir='/usr/lib/share/man' --infodir='/usr/lib/share/info' --sysconfdir=/etc --localstatedir=/var --disable-silent-rules --libdir='/usr/lib/lib/x86_64-linux-gnu' --libexecdir='/usr/lib/lib/x86_64-linux-gnu' --disable-maintainer-mode --disable-dependency-tracking --mandir=/usr/share/man --enable-languages=c,c++,lto --enable-multilib --disable-decimal-float --disable-libffi --disable-libgomp --disable-libmudflap --disable-libquadmath --disable-libssp --disable-libstdcxx-pch --disable-nls --disable-shared --disable-threads --disable-tls --build=x86_64-linux-gnu --target=arm-none-eabi --with-system-zlib --with-gnu-as --with-gnu-ld --with-pkgversion=15:6.3.1+svn253039-1build1 --without-included-gettext --prefix=/usr/lib --infodir=/usr/share/doc/gcc-arm-none-eabi/info --htmldir=/usr/share/doc/gcc-arm-none-eabi/html --pdfdir=/usr/share/doc/gcc-arm-none-eabi/pdf --bindir=/usr/bin --libexecdir=/usr/lib --libdir=/usr/lib --disable-libstdc++-v3 --host=x86_64-linux-gnu --with-headers=no --without-newlib --with-multilib-list=rmprofile CFLAGS='-g -O2 -fdebug-prefix-map=/build/gcc-arm-none-eabi-iopiMw/gcc-arm-none-eabi-6.3.1+svn253039=. -fstack-protector-strong' CPPFLAGS='-Wdate-time -D_FORTIFY_SOURCE=2' CXXFLAGS='-g -O2 -fdebug-prefix-map=/build/gcc-arm-none-eabi-iopiMw/gcc-arm-none-eabi-6.3.1+svn253039=. -fstack-protector-strong' FCFLAGS='-g -O2 -fdebug-prefix-map=/build/gcc-arm-none-eabi-iopiMw/gcc-arm-none-eabi-6.3.1+svn253039=. -fstack-protector-strong' FFLAGS='-g -O2 -fdebug-prefix-map=/build/gcc-arm-none-eabi-iopiMw/gcc-arm-none-eabi-6.3.1+svn253039=. -fstack-protector-strong' GCJFLAGS='-g -O2 -fdebug-prefix-map=/build/gcc-arm-none-eabi-iopiMw/gcc-arm-none-eabi-6.3.1+svn253039=. -fstack-protector-strong' LDFLAGS='-Wl,-Bsymbolic-functions -Wl,-z,relro' OBJCFLAGS='-g -O2 -fdebug-prefix-map=/build/gcc-arm-none-eabi-iopiMw/gcc-arm-none-eabi-6.3.1+svn253039=. -fstack-protector-strong' OBJCXXFLAGS='-g -O2 -fdebug-prefix-map=/build/gcc-arm-none-eabi-iopiMw/gcc-arm-none-eabi-6.3.1+svn253039=. -fstack-protector-strong' INHIBIT_LIBC_CFLAGS=-DUSE_TM_CLONE_REGISTRY=0 AR_FOR_TARGET=arm-none-eabi-ar AS_FOR_TARGET=arm-none-eabi-as LD_FOR_TARGET=arm-none-eabi-ld NM_FOR_TARGET=arm-none-eabi-nm OBJDUMP_FOR_TARGET=arm-none-eabi-objdump RANLIB_FOR_TARGET=arm-none-eabi-ranlib READELF_FOR_TARGET=arm-none-eabi-readelf STRIP_FOR_TARGET=arm-none-eabi-strip]
  ignore line: [Thread model: single]
  ignore line: [gcc version 6.3.1 20170620 (15:6.3.1+svn253039-1build1) ]
  ignore line: [COMPILER_PATH=/usr/lib/gcc/arm-none-eabi/6.3.1/:/usr/lib/gcc/arm-none-eabi/6.3.1/:/usr/lib/gcc/arm-none-eabi/:/usr/lib/gcc/arm-none-eabi/6.3.1/:/usr/lib/gcc/arm-none-eabi/:/usr/lib/gcc/arm-none-eabi/6.3.1/../../../arm-none-eabi/bin/]
  ignore line: [LIBRARY_PATH=/usr/lib/gcc/arm-none-eabi/6.3.1/thumb/v7-m/:/usr/lib/gcc/arm-none-eabi/6.3.1/../../../arm-none-eabi/lib/thumb/v7-m/:/usr/lib/gcc/arm-none-eabi/6.3.1/:/usr/lib/gcc/arm-none-eabi/6.3.1/../../../arm-none-eabi/lib/]
  ignore line: [COLLECT_GCC_OPTIONS='-mcpu=cortex-m3' '-std=c++1z' '-fno-rtti' '-fno-exceptions' '-fdata-sections' '-ffunction-sections' '-MD' '-Wall' '-T' '/home/pony/STM32Cube/Repository/STM32Cube_FW_F1_V1.8.4/Projects/STM32F103RB-Nucleo/Templates/SW4STM32/STM32F103RB_Nucleo/STM32F103VBIx_FLASH.ld' '-specs=nosys.specs' '-v' '-o' 'cmTC_0bb7f' '-mthumb']
  link line: [ /usr/lib/gcc/arm-none-eabi/6.3.1/collect2 -plugin /usr/lib/gcc/arm-none-eabi/6.3.1/liblto_plugin.so -plugin-opt=/usr/lib/gcc/arm-none-eabi/6.3.1/lto-wrapper -plugin-opt=-fresolution=/tmp/cc403y8B.res -plugin-opt=-pass-through=-lgcc -plugin-opt=-pass-through=-lc -plugin-opt=-pass-through=-lgcc -plugin-opt=-pass-through=-lc -plugin-opt=-pass-through=-lnosys -X -o cmTC_0bb7f /usr/lib/gcc/arm-none-eabi/6.3.1/thumb/v7-m/crti.o /usr/lib/gcc/arm-none-eabi/6.3.1/thumb/v7-m/crtbegin.o /usr/lib/gcc/arm-none-eabi/6.3.1/../../../arm-none-eabi/lib/thumb/v7-m/crt0.o -L/usr/lib/gcc/arm-none-eabi/6.3.1/thumb/v7-m -L/usr/lib/gcc/arm-none-eabi/6.3.1/../../../arm-none-eabi/lib/thumb/v7-m -L/usr/lib/gcc/arm-none-eabi/6.3.1 -L/usr/lib/gcc/arm-none-eabi/6.3.1/../../../arm-none-eabi/lib --gc-sections CMakeFiles/cmTC_0bb7f.dir/CMakeCXXCompilerABI.cpp.obj -lstdc++ -lm --start-group -lgcc -lc --end-group --start-group -lgcc -lc -lnosys --end-group /usr/lib/gcc/arm-none-eabi/6.3.1/thumb/v7-m/crtend.o /usr/lib/gcc/arm-none-eabi/6.3.1/thumb/v7-m/crtn.o -T /home/pony/STM32Cube/Repository/STM32Cube_FW_F1_V1.8.4/Projects/STM32F103RB-Nucleo/Templates/SW4STM32/STM32F103RB_Nucleo/STM32F103VBIx_FLASH.ld]
    arg [/usr/lib/gcc/arm-none-eabi/6.3.1/collect2] ==> ignore
    arg [-plugin] ==> ignore
    arg [/usr/lib/gcc/arm-none-eabi/6.3.1/liblto_plugin.so] ==> ignore
    arg [-plugin-opt=/usr/lib/gcc/arm-none-eabi/6.3.1/lto-wrapper] ==> ignore
    arg [-plugin-opt=-fresolution=/tmp/cc403y8B.res] ==> ignore
    arg [-plugin-opt=-pass-through=-lgcc] ==> ignore
    arg [-plugin-opt=-pass-through=-lc] ==> ignore
    arg [-plugin-opt=-pass-through=-lgcc] ==> ignore
    arg [-plugin-opt=-pass-through=-lc] ==> ignore
    arg [-plugin-opt=-pass-through=-lnosys] ==> ignore
    arg [-X] ==> ignore
    arg [-o] ==> ignore
    arg [cmTC_0bb7f] ==> ignore
    arg [/usr/lib/gcc/arm-none-eabi/6.3.1/thumb/v7-m/crti.o] ==> ignore
    arg [/usr/lib/gcc/arm-none-eabi/6.3.1/thumb/v7-m/crtbegin.o] ==> ignore
    arg [/usr/lib/gcc/arm-none-eabi/6.3.1/../../../arm-none-eabi/lib/thumb/v7-m/crt0.o] ==> ignore
    arg [-L/usr/lib/gcc/arm-none-eabi/6.3.1/thumb/v7-m] ==> dir [/usr/lib/gcc/arm-none-eabi/6.3.1/thumb/v7-m]
    arg [-L/usr/lib/gcc/arm-none-eabi/6.3.1/../../../arm-none-eabi/lib/thumb/v7-m] ==> dir [/usr/lib/gcc/arm-none-eabi/6.3.1/../../../arm-none-eabi/lib/thumb/v7-m]
    arg [-L/usr/lib/gcc/arm-none-eabi/6.3.1] ==> dir [/usr/lib/gcc/arm-none-eabi/6.3.1]
    arg [-L/usr/lib/gcc/arm-none-eabi/6.3.1/../../../arm-none-eabi/lib] ==> dir [/usr/lib/gcc/arm-none-eabi/6.3.1/../../../arm-none-eabi/lib]
    arg [--gc-sections] ==> ignore
    arg [CMakeFiles/cmTC_0bb7f.dir/CMakeCXXCompilerABI.cpp.obj] ==> ignore
    arg [-lstdc++] ==> lib [stdc++]
    arg [-lm] ==> lib [m]
    arg [--start-group] ==> ignore
    arg [-lgcc] ==> lib [gcc]
    arg [-lc] ==> lib [c]
    arg [--end-group] ==> ignore
    arg [--start-group] ==> ignore
    arg [-lgcc] ==> lib [gcc]
    arg [-lc] ==> lib [c]
    arg [-lnosys] ==> lib [nosys]
    arg [--end-group] ==> ignore
    arg [/usr/lib/gcc/arm-none-eabi/6.3.1/thumb/v7-m/crtend.o] ==> ignore
    arg [/usr/lib/gcc/arm-none-eabi/6.3.1/thumb/v7-m/crtn.o] ==> ignore
    arg [-T] ==> ignore
    arg [/home/pony/STM32Cube/Repository/STM32Cube_FW_F1_V1.8.4/Projects/STM32F103RB-Nucleo/Templates/SW4STM32/STM32F103RB_Nucleo/STM32F103VBIx_FLASH.ld] ==> ignore
  collapse library dir [/usr/lib/gcc/arm-none-eabi/6.3.1/thumb/v7-m] ==> [/usr/lib/gcc/arm-none-eabi/6.3.1/thumb/v7-m]
  collapse library dir [/usr/lib/gcc/arm-none-eabi/6.3.1/../../../arm-none-eabi/lib/thumb/v7-m] ==> [/usr/lib/arm-none-eabi/lib/thumb/v7-m]
  collapse library dir [/usr/lib/gcc/arm-none-eabi/6.3.1] ==> [/usr/lib/gcc/arm-none-eabi/6.3.1]
  collapse library dir [/usr/lib/gcc/arm-none-eabi/6.3.1/../../../arm-none-eabi/lib] ==> [/usr/lib/arm-none-eabi/lib]
  implicit libs: [stdc++;m;gcc;c;gcc;c;nosys]
  implicit dirs: [/usr/lib/gcc/arm-none-eabi/6.3.1/thumb/v7-m;/usr/lib/arm-none-eabi/lib/thumb/v7-m;/usr/lib/gcc/arm-none-eabi/6.3.1;/usr/lib/arm-none-eabi/lib]
  implicit fwks: []




Detecting CXX [-std=c++1z] compiler features compiled with the following output:
Change Dir: /home/pony/balanceCar_freertos/Core/build/CMakeFiles/CMakeTmp

Run Build Command:"/usr/bin/ninja" "cmTC_8aa9f"
[1/2] Building CXX object CMakeFiles/cmTC_8aa9f.dir/feature_tests.cxx.obj
[2/2] Linking CXX executable cmTC_8aa9f
/usr/lib/gcc/arm-none-eabi/6.3.1/../../../arm-none-eabi/bin/ld: warning: cannot find entry symbol Reset_Handler; defaulting to 0000000008000000




Detecting CXX [-std=c++14] compiler features compiled with the following output:
Change Dir: /home/pony/balanceCar_freertos/Core/build/CMakeFiles/CMakeTmp

Run Build Command:"/usr/bin/ninja" "cmTC_c188b"
[1/2] Building CXX object CMakeFiles/cmTC_c188b.dir/feature_tests.cxx.obj
[2/2] Linking CXX executable cmTC_c188b
/usr/lib/gcc/arm-none-eabi/6.3.1/../../../arm-none-eabi/bin/ld: warning: cannot find entry symbol Reset_Handler; defaulting to 0000000008000000




Detecting CXX [-std=c++11] compiler features compiled with the following output:
Change Dir: /home/pony/balanceCar_freertos/Core/build/CMakeFiles/CMakeTmp

Run Build Command:"/usr/bin/ninja" "cmTC_7ad3b"
[1/2] Building CXX object CMakeFiles/cmTC_7ad3b.dir/feature_tests.cxx.obj
[2/2] Linking CXX executable cmTC_7ad3b
/usr/lib/gcc/arm-none-eabi/6.3.1/../../../arm-none-eabi/bin/ld: warning: cannot find entry symbol Reset_Handler; defaulting to 0000000008000000




Detecting CXX [-std=c++98] compiler features compiled with the following output:
Change Dir: /home/pony/balanceCar_freertos/Core/build/CMakeFiles/CMakeTmp

Run Build Command:"/usr/bin/ninja" "cmTC_63b7e"
[1/2] Building CXX object CMakeFiles/cmTC_63b7e.dir/feature_tests.cxx.obj
[2/2] Linking CXX executable cmTC_63b7e
/usr/lib/gcc/arm-none-eabi/6.3.1/../../../arm-none-eabi/bin/ld: warning: cannot find entry symbol Reset_Handler; defaulting to 0000000008000000


Checking whether the ASM-ATT compiler is GNU using "--version" matched "(GNU assembler)|(GCC)|(Free Software Foundation)":
GNU assembler (2.27-9ubuntu1+9) 2.27
Copyright (C) 2016 Free Software Foundation, Inc.
This program is free software; you may redistribute it under the terms of
the GNU General Public License version 3 or later.
This program has absolutely no warranty.
This assembler was configured for a target of `arm-none-eabi'.
Compiling the C compiler identification source file "CMakeCCompilerId.c" succeeded.
Compiler: /usr/bin/arm-none-eabi-gcc 
Build flags: -mcpu=cortex-m3;-std=gnu99;-fdata-sections;-ffunction-sections;-Wall
Id flags: -c 

The output was:
0


Compilation of the C compiler identification source "CMakeCCompilerId.c" produced "CMakeCCompilerId.o"

The C compiler identification is GNU, found in "/home/pony/balanceCar_freertos/Core/build/CMakeFiles/3.10.2/CompilerIdC/CMakeCCompilerId.o"

Compiling the CXX compiler identification source file "CMakeCXXCompilerId.cpp" succeeded.
Compiler: /usr/bin/arm-none-eabi-g++ 
Build flags: -mcpu=cortex-m3;-std=c++17;-fno-rtti;-fno-exceptions;-Wall;-fdata-sections;-ffunction-sections;-MD;-Wall
Id flags: -c 

The output was:
0


Compilation of the CXX compiler identification source "CMakeCXXCompilerId.cpp" produced "CMakeCXXCompilerId.d"

Compilation of the CXX compiler identification source "CMakeCXXCompilerId.cpp" produced "CMakeCXXCompilerId.o"

The CXX compiler identification is GNU, found in "/home/pony/balanceCar_freertos/Core/build/CMakeFiles/3.10.2/CompilerIdCXX/CMakeCXXCompilerId.o"

Determining if the C compiler works passed with the following output:
Change Dir: /home/pony/balanceCar_freertos/Core/build/CMakeFiles/CMakeTmp

Run Build Command:"/usr/bin/ninja" "cmTC_e7a84"
[1/2] Building C object CMakeFiles/cmTC_e7a84.dir/testCCompiler.c.obj
[2/2] Linking C executable cmTC_e7a84
/usr/lib/gcc/arm-none-eabi/6.3.1/../../../arm-none-eabi/bin/ld: warning: cannot find entry symbol Reset_Handler; defaulting to 0000000008000000


Detecting C compiler ABI info compiled with the following output:
Change Dir: /home/pony/balanceCar_freertos/Core/build/CMakeFiles/CMakeTmp

Run Build Command:"/usr/bin/ninja" "cmTC_4ebdf"
[1/2] Building C object CMakeFiles/cmTC_4ebdf.dir/CMakeCCompilerABI.c.obj
[2/2] Linking C executable cmTC_4ebdf
Using built-in specs.
Reading specs from /usr/lib/gcc/arm-none-eabi/6.3.1/../../../arm-none-eabi/lib/nosys.specs
rename spec link_gcc_c_sequence to nosys_link_gcc_c_sequence
COLLECT_GCC=/usr/bin/arm-none-eabi-gcc
COLLECT_LTO_WRAPPER=/usr/lib/gcc/arm-none-eabi/6.3.1/lto-wrapper
Target: arm-none-eabi
Configured with: ../src/configure --build=x86_64-linux-gnu --prefix=/usr --includedir='/usr/lib/include' --mandir='/usr/lib/share/man' --infodir='/usr/lib/share/info' --sysconfdir=/etc --localstatedir=/var --disable-silent-rules --libdir='/usr/lib/lib/x86_64-linux-gnu' --libexecdir='/usr/lib/lib/x86_64-linux-gnu' --disable-maintainer-mode --disable-dependency-tracking --mandir=/usr/share/man --enable-languages=c,c++,lto --enable-multilib --disable-decimal-float --disable-libffi --disable-libgomp --disable-libmudflap --disable-libquadmath --disable-libssp --disable-libstdcxx-pch --disable-nls --disable-shared --disable-threads --disable-tls --build=x86_64-linux-gnu --target=arm-none-eabi --with-system-zlib --with-gnu-as --with-gnu-ld --with-pkgversion=15:6.3.1+svn253039-1build1 --without-included-gettext --prefix=/usr/lib --infodir=/usr/share/doc/gcc-arm-none-eabi/info --htmldir=/usr/share/doc/gcc-arm-none-eabi/html --pdfdir=/usr/share/doc/gcc-arm-none-eabi/pdf --bindir=/usr/bin --libexecdir=/usr/lib --libdir=/usr/lib --disable-libstdc++-v3 --host=x86_64-linux-gnu --with-headers=no --without-newlib --with-multilib-list=rmprofile CFLAGS='-g -O2 -fdebug-prefix-map=/build/gcc-arm-none-eabi-iopiMw/gcc-arm-none-eabi-6.3.1+svn253039=. -fstack-protector-strong' CPPFLAGS='-Wdate-time -D_FORTIFY_SOURCE=2' CXXFLAGS='-g -O2 -fdebug-prefix-map=/build/gcc-arm-none-eabi-iopiMw/gcc-arm-none-eabi-6.3.1+svn253039=. -fstack-protector-strong' FCFLAGS='-g -O2 -fdebug-prefix-map=/build/gcc-arm-none-eabi-iopiMw/gcc-arm-none-eabi-6.3.1+svn253039=. -fstack-protector-strong' FFLAGS='-g -O2 -fdebug-prefix-map=/build/gcc-arm-none-eabi-iopiMw/gcc-arm-none-eabi-6.3.1+svn253039=. -fstack-protector-strong' GCJFLAGS='-g -O2 -fdebug-prefix-map=/build/gcc-arm-none-eabi-iopiMw/gcc-arm-none-eabi-6.3.1+svn253039=. -fstack-protector-strong' LDFLAGS='-Wl,-Bsymbolic-functions -Wl,-z,relro' OBJCFLAGS='-g -O2 -fdebug-prefix-map=/build/gcc-arm-none-eabi-iopiMw/gcc-arm-none-eabi-6.3.1+svn253039=. -fstack-protector-strong' OBJCXXFLAGS='-g -O2 -fdebug-prefix-map=/build/gcc-arm-none-eabi-iopiMw/gcc-arm-none-eabi-6.3.1+svn253039=. -fstack-protector-strong' INHIBIT_LIBC_CFLAGS=-DUSE_TM_CLONE_REGISTRY=0 AR_FOR_TARGET=arm-none-eabi-ar AS_FOR_TARGET=arm-none-eabi-as LD_FOR_TARGET=arm-none-eabi-ld NM_FOR_TARGET=arm-none-eabi-nm OBJDUMP_FOR_TARGET=arm-none-eabi-objdump RANLIB_FOR_TARGET=arm-none-eabi-ranlib READELF_FOR_TARGET=arm-none-eabi-readelf STRIP_FOR_TARGET=arm-none-eabi-strip
Thread model: single
gcc version 6.3.1 20170620 (15:6.3.1+svn253039-1build1) 
COMPILER_PATH=/usr/lib/gcc/arm-none-eabi/6.3.1/:/usr/lib/gcc/arm-none-eabi/6.3.1/:/usr/lib/gcc/arm-none-eabi/:/usr/lib/gcc/arm-none-eabi/6.3.1/:/usr/lib/gcc/arm-none-eabi/:/usr/lib/gcc/arm-none-eabi/6.3.1/../../../arm-none-eabi/bin/
LIBRARY_PATH=/usr/lib/gcc/arm-none-eabi/6.3.1/thumb/v7-m/:/usr/lib/gcc/arm-none-eabi/6.3.1/../../../arm-none-eabi/lib/thumb/v7-m/:/usr/lib/gcc/arm-none-eabi/6.3.1/:/usr/lib/gcc/arm-none-eabi/6.3.1/../../../arm-none-eabi/lib/
COLLECT_GCC_OPTIONS='-mcpu=cortex-m3' '-std=gnu99' '-fdata-sections' '-ffunction-sections' '-Wall' '-T' '/home/pony/STM32Cube/Repository/STM32Cube_FW_F1_V1.8.4/Projects/STM32F103RB-Nucleo/Templates/SW4STM32/STM32F103RB_Nucleo/STM32F103VBIx_FLASH.ld' '-specs=nosys.specs' '-v' '-o' 'cmTC_4ebdf' '-mthumb'
 /usr/lib/gcc/arm-none-eabi/6.3.1/collect2 -plugin /usr/lib/gcc/arm-none-eabi/6.3.1/liblto_plugin.so -plugin-opt=/usr/lib/gcc/arm-none-eabi/6.3.1/lto-wrapper -plugin-opt=-fresolution=/tmp/ccEm3t1y.res -plugin-opt=-pass-through=-lgcc -plugin-opt=-pass-through=-lc -plugin-opt=-pass-through=-lgcc -plugin-opt=-pass-through=-lc -plugin-opt=-pass-through=-lnosys -X -o cmTC_4ebdf /usr/lib/gcc/arm-none-eabi/6.3.1/thumb/v7-m/crti.o /usr/lib/gcc/arm-none-eabi/6.3.1/thumb/v7-m/crtbegin.o /usr/lib/gcc/arm-none-eabi/6.3.1/../../../arm-none-eabi/lib/thumb/v7-m/crt0.o -L/usr/lib/gcc/arm-none-eabi/6.3.1/thumb/v7-m -L/usr/lib/gcc/arm-none-eabi/6.3.1/../../../arm-none-eabi/lib/thumb/v7-m -L/usr/lib/gcc/arm-none-eabi/6.3.1 -L/usr/lib/gcc/arm-none-eabi/6.3.1/../../../arm-none-eabi/lib --gc-sections CMakeFiles/cmTC_4ebdf.dir/CMakeCCompilerABI.c.obj --start-group -lgcc -lc --end-group --start-group -lgcc -lc -lnosys --end-group /usr/lib/gcc/arm-none-eabi/6.3.1/thumb/v7-m/crtend.o /usr/lib/gcc/arm-none-eabi/6.3.1/thumb/v7-m/crtn.o -T /home/pony/STM32Cube/Repository/STM32Cube_FW_F1_V1.8.4/Projects/STM32F103RB-Nucleo/Templates/SW4STM32/STM32F103RB_Nucleo/STM32F103VBIx_FLASH.ld
/usr/lib/gcc/arm-none-eabi/6.3.1/../../../arm-none-eabi/bin/ld: warning: cannot find entry symbol Reset_Handler; defaulting to 0000000008000000
COLLECT_GCC_OPTIONS='-mcpu=cortex-m3' '-std=gnu99' '-fdata-sections' '-ffunction-sections' '-Wall' '-T' '/home/pony/STM32Cube/Repository/STM32Cube_FW_F1_V1.8.4/Projects/STM32F103RB-Nucleo/Templates/SW4STM32/STM32F103RB_Nucleo/STM32F103VBIx_FLASH.ld' '-specs=nosys.specs' '-v' '-o' 'cmTC_4ebdf' '-mthumb'


Parsed C implicit link information from above output:
  link line regex: [^( *|.*[/\])(arm-none-eabi-ld|CMAKE_LINK_STARTFILE-NOTFOUND|([^/\]+-)?ld|collect2)[^/\]*( |$)]
  ignore line: [Change Dir: /home/pony/balanceCar_freertos/Core/build/CMakeFiles/CMakeTmp]
  ignore line: []
  ignore line: [Run Build Command:"/usr/bin/ninja" "cmTC_4ebdf"]
  ignore line: [[1/2] Building C object CMakeFiles/cmTC_4ebdf.dir/CMakeCCompilerABI.c.obj]
  ignore line: [[2/2] Linking C executable cmTC_4ebdf]
  ignore line: [Using built-in specs.]
  ignore line: [Reading specs from /usr/lib/gcc/arm-none-eabi/6.3.1/../../../arm-none-eabi/lib/nosys.specs]
  ignore line: [rename spec link_gcc_c_sequence to nosys_link_gcc_c_sequence]
  ignore line: [COLLECT_GCC=/usr/bin/arm-none-eabi-gcc]
  ignore line: [COLLECT_LTO_WRAPPER=/usr/lib/gcc/arm-none-eabi/6.3.1/lto-wrapper]
  ignore line: [Target: arm-none-eabi]
  ignore line: [Configured with: ../src/configure --build=x86_64-linux-gnu --prefix=/usr --includedir='/usr/lib/include' --mandir='/usr/lib/share/man' --infodir='/usr/lib/share/info' --sysconfdir=/etc --localstatedir=/var --disable-silent-rules --libdir='/usr/lib/lib/x86_64-linux-gnu' --libexecdir='/usr/lib/lib/x86_64-linux-gnu' --disable-maintainer-mode --disable-dependency-tracking --mandir=/usr/share/man --enable-languages=c,c++,lto --enable-multilib --disable-decimal-float --disable-libffi --disable-libgomp --disable-libmudflap --disable-libquadmath --disable-libssp --disable-libstdcxx-pch --disable-nls --disable-shared --disable-threads --disable-tls --build=x86_64-linux-gnu --target=arm-none-eabi --with-system-zlib --with-gnu-as --with-gnu-ld --with-pkgversion=15:6.3.1+svn253039-1build1 --without-included-gettext --prefix=/usr/lib --infodir=/usr/share/doc/gcc-arm-none-eabi/info --htmldir=/usr/share/doc/gcc-arm-none-eabi/html --pdfdir=/usr/share/doc/gcc-arm-none-eabi/pdf --bindir=/usr/bin --libexecdir=/usr/lib --libdir=/usr/lib --disable-libstdc++-v3 --host=x86_64-linux-gnu --with-headers=no --without-newlib --with-multilib-list=rmprofile CFLAGS='-g -O2 -fdebug-prefix-map=/build/gcc-arm-none-eabi-iopiMw/gcc-arm-none-eabi-6.3.1+svn253039=. -fstack-protector-strong' CPPFLAGS='-Wdate-time -D_FORTIFY_SOURCE=2' CXXFLAGS='-g -O2 -fdebug-prefix-map=/build/gcc-arm-none-eabi-iopiMw/gcc-arm-none-eabi-6.3.1+svn253039=. -fstack-protector-strong' FCFLAGS='-g -O2 -fdebug-prefix-map=/build/gcc-arm-none-eabi-iopiMw/gcc-arm-none-eabi-6.3.1+svn253039=. -fstack-protector-strong' FFLAGS='-g -O2 -fdebug-prefix-map=/build/gcc-arm-none-eabi-iopiMw/gcc-arm-none-eabi-6.3.1+svn253039=. -fstack-protector-strong' GCJFLAGS='-g -O2 -fdebug-prefix-map=/build/gcc-arm-none-eabi-iopiMw/gcc-arm-none-eabi-6.3.1+svn253039=. -fstack-protector-strong' LDFLAGS='-Wl,-Bsymbolic-functions -Wl,-z,relro' OBJCFLAGS='-g -O2 -fdebug-prefix-map=/build/gcc-arm-none-eabi-iopiMw/gcc-arm-none-eabi-6.3.1+svn253039=. -fstack-protector-strong' OBJCXXFLAGS='-g -O2 -fdebug-prefix-map=/build/gcc-arm-none-eabi-iopiMw/gcc-arm-none-eabi-6.3.1+svn253039=. -fstack-protector-strong' INHIBIT_LIBC_CFLAGS=-DUSE_TM_CLONE_REGISTRY=0 AR_FOR_TARGET=arm-none-eabi-ar AS_FOR_TARGET=arm-none-eabi-as LD_FOR_TARGET=arm-none-eabi-ld NM_FOR_TARGET=arm-none-eabi-nm OBJDUMP_FOR_TARGET=arm-none-eabi-objdump RANLIB_FOR_TARGET=arm-none-eabi-ranlib READELF_FOR_TARGET=arm-none-eabi-readelf STRIP_FOR_TARGET=arm-none-eabi-strip]
  ignore line: [Thread model: single]
  ignore line: [gcc version 6.3.1 20170620 (15:6.3.1+svn253039-1build1) ]
  ignore line: [COMPILER_PATH=/usr/lib/gcc/arm-none-eabi/6.3.1/:/usr/lib/gcc/arm-none-eabi/6.3.1/:/usr/lib/gcc/arm-none-eabi/:/usr/lib/gcc/arm-none-eabi/6.3.1/:/usr/lib/gcc/arm-none-eabi/:/usr/lib/gcc/arm-none-eabi/6.3.1/../../../arm-none-eabi/bin/]
  ignore line: [LIBRARY_PATH=/usr/lib/gcc/arm-none-eabi/6.3.1/thumb/v7-m/:/usr/lib/gcc/arm-none-eabi/6.3.1/../../../arm-none-eabi/lib/thumb/v7-m/:/usr/lib/gcc/arm-none-eabi/6.3.1/:/usr/lib/gcc/arm-none-eabi/6.3.1/../../../arm-none-eabi/lib/]
  ignore line: [COLLECT_GCC_OPTIONS='-mcpu=cortex-m3' '-std=gnu99' '-fdata-sections' '-ffunction-sections' '-Wall' '-T' '/home/pony/STM32Cube/Repository/STM32Cube_FW_F1_V1.8.4/Projects/STM32F103RB-Nucleo/Templates/SW4STM32/STM32F103RB_Nucleo/STM32F103VBIx_FLASH.ld' '-specs=nosys.specs' '-v' '-o' 'cmTC_4ebdf' '-mthumb']
  link line: [ /usr/lib/gcc/arm-none-eabi/6.3.1/collect2 -plugin /usr/lib/gcc/arm-none-eabi/6.3.1/liblto_plugin.so -plugin-opt=/usr/lib/gcc/arm-none-eabi/6.3.1/lto-wrapper -plugin-opt=-fresolution=/tmp/ccEm3t1y.res -plugin-opt=-pass-through=-lgcc -plugin-opt=-pass-through=-lc -plugin-opt=-pass-through=-lgcc -plugin-opt=-pass-through=-lc -plugin-opt=-pass-through=-lnosys -X -o cmTC_4ebdf /usr/lib/gcc/arm-none-eabi/6.3.1/thumb/v7-m/crti.o /usr/lib/gcc/arm-none-eabi/6.3.1/thumb/v7-m/crtbegin.o /usr/lib/gcc/arm-none-eabi/6.3.1/../../../arm-none-eabi/lib/thumb/v7-m/crt0.o -L/usr/lib/gcc/arm-none-eabi/6.3.1/thumb/v7-m -L/usr/lib/gcc/arm-none-eabi/6.3.1/../../../arm-none-eabi/lib/thumb/v7-m -L/usr/lib/gcc/arm-none-eabi/6.3.1 -L/usr/lib/gcc/arm-none-eabi/6.3.1/../../../arm-none-eabi/lib --gc-sections CMakeFiles/cmTC_4ebdf.dir/CMakeCCompilerABI.c.obj --start-group -lgcc -lc --end-group --start-group -lgcc -lc -lnosys --end-group /usr/lib/gcc/arm-none-eabi/6.3.1/thumb/v7-m/crtend.o /usr/lib/gcc/arm-none-eabi/6.3.1/thumb/v7-m/crtn.o -T /home/pony/STM32Cube/Repository/STM32Cube_FW_F1_V1.8.4/Projects/STM32F103RB-Nucleo/Templates/SW4STM32/STM32F103RB_Nucleo/STM32F103VBIx_FLASH.ld]
    arg [/usr/lib/gcc/arm-none-eabi/6.3.1/collect2] ==> ignore
    arg [-plugin] ==> ignore
    arg [/usr/lib/gcc/arm-none-eabi/6.3.1/liblto_plugin.so] ==> ignore
    arg [-plugin-opt=/usr/lib/gcc/arm-none-eabi/6.3.1/lto-wrapper] ==> ignore
    arg [-plugin-opt=-fresolution=/tmp/ccEm3t1y.res] ==> ignore
    arg [-plugin-opt=-pass-through=-lgcc] ==> ignore
    arg [-plugin-opt=-pass-through=-lc] ==> ignore
    arg [-plugin-opt=-pass-through=-lgcc] ==> ignore
    arg [-plugin-opt=-pass-through=-lc] ==> ignore
    arg [-plugin-opt=-pass-through=-lnosys] ==> ignore
    arg [-X] ==> ignore
    arg [-o] ==> ignore
    arg [cmTC_4ebdf] ==> ignore
    arg [/usr/lib/gcc/arm-none-eabi/6.3.1/thumb/v7-m/crti.o] ==> ignore
    arg [/usr/lib/gcc/arm-none-eabi/6.3.1/thumb/v7-m/crtbegin.o] ==> ignore
    arg [/usr/lib/gcc/arm-none-eabi/6.3.1/../../../arm-none-eabi/lib/thumb/v7-m/crt0.o] ==> ignore
    arg [-L/usr/lib/gcc/arm-none-eabi/6.3.1/thumb/v7-m] ==> dir [/usr/lib/gcc/arm-none-eabi/6.3.1/thumb/v7-m]
    arg [-L/usr/lib/gcc/arm-none-eabi/6.3.1/../../../arm-none-eabi/lib/thumb/v7-m] ==> dir [/usr/lib/gcc/arm-none-eabi/6.3.1/../../../arm-none-eabi/lib/thumb/v7-m]
    arg [-L/usr/lib/gcc/arm-none-eabi/6.3.1] ==> dir [/usr/lib/gcc/arm-none-eabi/6.3.1]
    arg [-L/usr/lib/gcc/arm-none-eabi/6.3.1/../../../arm-none-eabi/lib] ==> dir [/usr/lib/gcc/arm-none-eabi/6.3.1/../../../arm-none-eabi/lib]
    arg [--gc-sections] ==> ignore
    arg [CMakeFiles/cmTC_4ebdf.dir/CMakeCCompilerABI.c.obj] ==> ignore
    arg [--start-group] ==> ignore
    arg [-lgcc] ==> lib [gcc]
    arg [-lc] ==> lib [c]
    arg [--end-group] ==> ignore
    arg [--start-group] ==> ignore
    arg [-lgcc] ==> lib [gcc]
    arg [-lc] ==> lib [c]
    arg [-lnosys] ==> lib [nosys]
    arg [--end-group] ==> ignore
    arg [/usr/lib/gcc/arm-none-eabi/6.3.1/thumb/v7-m/crtend.o] ==> ignore
    arg [/usr/lib/gcc/arm-none-eabi/6.3.1/thumb/v7-m/crtn.o] ==> ignore
    arg [-T] ==> ignore
    arg [/home/pony/STM32Cube/Repository/STM32Cube_FW_F1_V1.8.4/Projects/STM32F103RB-Nucleo/Templates/SW4STM32/STM32F103RB_Nucleo/STM32F103VBIx_FLASH.ld] ==> ignore
  collapse library dir [/usr/lib/gcc/arm-none-eabi/6.3.1/thumb/v7-m] ==> [/usr/lib/gcc/arm-none-eabi/6.3.1/thumb/v7-m]
  collapse library dir [/usr/lib/gcc/arm-none-eabi/6.3.1/../../../arm-none-eabi/lib/thumb/v7-m] ==> [/usr/lib/arm-none-eabi/lib/thumb/v7-m]
  collapse library dir [/usr/lib/gcc/arm-none-eabi/6.3.1] ==> [/usr/lib/gcc/arm-none-eabi/6.3.1]
  collapse library dir [/usr/lib/gcc/arm-none-eabi/6.3.1/../../../arm-none-eabi/lib] ==> [/usr/lib/arm-none-eabi/lib]
  implicit libs: [gcc;c;gcc;c;nosys]
  implicit dirs: [/usr/lib/gcc/arm-none-eabi/6.3.1/thumb/v7-m;/usr/lib/arm-none-eabi/lib/thumb/v7-m;/usr/lib/gcc/arm-none-eabi/6.3.1;/usr/lib/arm-none-eabi/lib]
  implicit fwks: []




Detecting C [-std=c11] compiler features compiled with the following output:
Change Dir: /home/pony/balanceCar_freertos/Core/build/CMakeFiles/CMakeTmp

Run Build Command:"/usr/bin/ninja" "cmTC_8483c"
[1/2] Building C object CMakeFiles/cmTC_8483c.dir/feature_tests.c.obj
[2/2] Linking C executable cmTC_8483c
/usr/lib/gcc/arm-none-eabi/6.3.1/../../../arm-none-eabi/bin/ld: warning: cannot find entry symbol Reset_Handler; defaulting to 0000000008000000




Detecting C [-std=c99] compiler features compiled with the following output:
Change Dir: /home/pony/balanceCar_freertos/Core/build/CMakeFiles/CMakeTmp

Run Build Command:"/usr/bin/ninja" "cmTC_d556d"
[1/2] Building C object CMakeFiles/cmTC_d556d.dir/feature_tests.c.obj
[2/2] Linking C executable cmTC_d556d
/usr/lib/gcc/arm-none-eabi/6.3.1/../../../arm-none-eabi/bin/ld: warning: cannot find entry symbol Reset_Handler; defaulting to 0000000008000000




Detecting C [-std=c90] compiler features compiled with the following output:
Change Dir: /home/pony/balanceCar_freertos/Core/build/CMakeFiles/CMakeTmp

Run Build Command:"/usr/bin/ninja" "cmTC_fe23c"
[1/2] Building C object CMakeFiles/cmTC_fe23c.dir/feature_tests.c.obj
[2/2] Linking C executable cmTC_fe23c
/usr/lib/gcc/arm-none-eabi/6.3.1/../../../arm-none-eabi/bin/ld: warning: cannot find entry symbol Reset_Handler; defaulting to 0000000008000000


Determining if the CXX compiler works passed with the following output:
Change Dir: /home/pony/balanceCar_freertos/Core/build/CMakeFiles/CMakeTmp

Run Build Command:"/usr/bin/ninja" "cmTC_2c8c8"
[1/2] Building CXX object CMakeFiles/cmTC_2c8c8.dir/testCXXCompiler.cxx.obj
[2/2] Linking CXX executable cmTC_2c8c8
/usr/lib/gcc/arm-none-eabi/6.3.1/../../../arm-none-eabi/bin/ld: warning: cannot find entry symbol Reset_Handler; defaulting to 0000000008000000


Detecting CXX compiler ABI info compiled with the following output:
Change Dir: /home/pony/balanceCar_freertos/Core/build/CMakeFiles/CMakeTmp

Run Build Command:"/usr/bin/ninja" "cmTC_4ce65"
[1/2] Building CXX object CMakeFiles/cmTC_4ce65.dir/CMakeCXXCompilerABI.cpp.obj
[2/2] Linking CXX executable cmTC_4ce65
Using built-in specs.
Reading specs from /usr/lib/gcc/arm-none-eabi/6.3.1/../../../arm-none-eabi/lib/nosys.specs
rename spec link_gcc_c_sequence to nosys_link_gcc_c_sequence
COLLECT_GCC=/usr/bin/arm-none-eabi-g++
COLLECT_LTO_WRAPPER=/usr/lib/gcc/arm-none-eabi/6.3.1/lto-wrapper
Target: arm-none-eabi
Configured with: ../src/configure --build=x86_64-linux-gnu --prefix=/usr --includedir='/usr/lib/include' --mandir='/usr/lib/share/man' --infodir='/usr/lib/share/info' --sysconfdir=/etc --localstatedir=/var --disable-silent-rules --libdir='/usr/lib/lib/x86_64-linux-gnu' --libexecdir='/usr/lib/lib/x86_64-linux-gnu' --disable-maintainer-mode --disable-dependency-tracking --mandir=/usr/share/man --enable-languages=c,c++,lto --enable-multilib --disable-decimal-float --disable-libffi --disable-libgomp --disable-libmudflap --disable-libquadmath --disable-libssp --disable-libstdcxx-pch --disable-nls --disable-shared --disable-threads --disable-tls --build=x86_64-linux-gnu --target=arm-none-eabi --with-system-zlib --with-gnu-as --with-gnu-ld --with-pkgversion=15:6.3.1+svn253039-1build1 --without-included-gettext --prefix=/usr/lib --infodir=/usr/share/doc/gcc-arm-none-eabi/info --htmldir=/usr/share/doc/gcc-arm-none-eabi/html --pdfdir=/usr/share/doc/gcc-arm-none-eabi/pdf --bindir=/usr/bin --libexecdir=/usr/lib --libdir=/usr/lib --disable-libstdc++-v3 --host=x86_64-linux-gnu --with-headers=no --without-newlib --with-multilib-list=rmprofile CFLAGS='-g -O2 -fdebug-prefix-map=/build/gcc-arm-none-eabi-iopiMw/gcc-arm-none-eabi-6.3.1+svn253039=. -fstack-protector-strong' CPPFLAGS='-Wdate-time -D_FORTIFY_SOURCE=2' CXXFLAGS='-g -O2 -fdebug-prefix-map=/build/gcc-arm-none-eabi-iopiMw/gcc-arm-none-eabi-6.3.1+svn253039=. -fstack-protector-strong' FCFLAGS='-g -O2 -fdebug-prefix-map=/build/gcc-arm-none-eabi-iopiMw/gcc-arm-none-eabi-6.3.1+svn253039=. -fstack-protector-strong' FFLAGS='-g -O2 -fdebug-prefix-map=/build/gcc-arm-none-eabi-iopiMw/gcc-arm-none-eabi-6.3.1+svn253039=. -fstack-protector-strong' GCJFLAGS='-g -O2 -fdebug-prefix-map=/build/gcc-arm-none-eabi-iopiMw/gcc-arm-none-eabi-6.3.1+svn253039=. -fstack-protector-strong' LDFLAGS='-Wl,-Bsymbolic-functions -Wl,-z,relro' OBJCFLAGS='-g -O2 -fdebug-prefix-map=/build/gcc-arm-none-eabi-iopiMw/gcc-arm-none-eabi-6.3.1+svn253039=. -fstack-protector-strong' OBJCXXFLAGS='-g -O2 -fdebug-prefix-map=/build/gcc-arm-none-eabi-iopiMw/gcc-arm-none-eabi-6.3.1+svn253039=. -fstack-protector-strong' INHIBIT_LIBC_CFLAGS=-DUSE_TM_CLONE_REGISTRY=0 AR_FOR_TARGET=arm-none-eabi-ar AS_FOR_TARGET=arm-none-eabi-as LD_FOR_TARGET=arm-none-eabi-ld NM_FOR_TARGET=arm-none-eabi-nm OBJDUMP_FOR_TARGET=arm-none-eabi-objdump RANLIB_FOR_TARGET=arm-none-eabi-ranlib READELF_FOR_TARGET=arm-none-eabi-readelf STRIP_FOR_TARGET=arm-none-eabi-strip
Thread model: single
gcc version 6.3.1 20170620 (15:6.3.1+svn253039-1build1) 
COMPILER_PATH=/usr/lib/gcc/arm-none-eabi/6.3.1/:/usr/lib/gcc/arm-none-eabi/6.3.1/:/usr/lib/gcc/arm-none-eabi/:/usr/lib/gcc/arm-none-eabi/6.3.1/:/usr/lib/gcc/arm-none-eabi/:/usr/lib/gcc/arm-none-eabi/6.3.1/../../../arm-none-eabi/bin/
LIBRARY_PATH=/usr/lib/gcc/arm-none-eabi/6.3.1/thumb/v7-m/:/usr/lib/gcc/arm-none-eabi/6.3.1/../../../arm-none-eabi/lib/thumb/v7-m/:/usr/lib/gcc/arm-none-eabi/6.3.1/:/usr/lib/gcc/arm-none-eabi/6.3.1/../../../arm-none-eabi/lib/
COLLECT_GCC_OPTIONS='-mcpu=cortex-m3' '-std=c++1z' '-fno-rtti' '-fno-exceptions' '-fdata-sections' '-ffunction-sections' '-MD' '-Wall' '-T' '/home/pony/STM32Cube/Repository/STM32Cube_FW_F1_V1.8.4/Projects/STM32F103RB-Nucleo/Templates/SW4STM32/STM32F103RB_Nucleo/STM32F103VBIx_FLASH.ld' '-specs=nosys.specs' '-v' '-o' 'cmTC_4ce65' '-mthumb'
 /usr/lib/gcc/arm-none-eabi/6.3.1/collect2 -plugin /usr/lib/gcc/arm-none-eabi/6.3.1/liblto_plugin.so -plugin-opt=/usr/lib/gcc/arm-none-eabi/6.3.1/lto-wrapper -plugin-opt=-fresolution=/tmp/cccYdxk7.res -plugin-opt=-pass-through=-lgcc -plugin-opt=-pass-through=-lc -plugin-opt=-pass-through=-lgcc -plugin-opt=-pass-through=-lc -plugin-opt=-pass-through=-lnosys -X -o cmTC_4ce65 /usr/lib/gcc/arm-none-eabi/6.3.1/thumb/v7-m/crti.o /usr/lib/gcc/arm-none-eabi/6.3.1/thumb/v7-m/crtbegin.o /usr/lib/gcc/arm-none-eabi/6.3.1/../../../arm-none-eabi/lib/thumb/v7-m/crt0.o -L/usr/lib/gcc/arm-none-eabi/6.3.1/thumb/v7-m -L/usr/lib/gcc/arm-none-eabi/6.3.1/../../../arm-none-eabi/lib/thumb/v7-m -L/usr/lib/gcc/arm-none-eabi/6.3.1 -L/usr/lib/gcc/arm-none-eabi/6.3.1/../../../arm-none-eabi/lib --gc-sections CMakeFiles/cmTC_4ce65.dir/CMakeCXXCompilerABI.cpp.obj -lstdc++ -lm --start-group -lgcc -lc --end-group --start-group -lgcc -lc -lnosys --end-group /usr/lib/gcc/arm-none-eabi/6.3.1/thumb/v7-m/crtend.o /usr/lib/gcc/arm-none-eabi/6.3.1/thumb/v7-m/crtn.o -T /home/pony/STM32Cube/Repository/STM32Cube_FW_F1_V1.8.4/Projects/STM32F103RB-Nucleo/Templates/SW4STM32/STM32F103RB_Nucleo/STM32F103VBIx_FLASH.ld
/usr/lib/gcc/arm-none-eabi/6.3.1/../../../arm-none-eabi/bin/ld: warning: cannot find entry symbol Reset_Handler; defaulting to 0000000008000000
COLLECT_GCC_OPTIONS='-mcpu=cortex-m3' '-std=c++1z' '-fno-rtti' '-fno-exceptions' '-fdata-sections' '-ffunction-sections' '-MD' '-Wall' '-T' '/home/pony/STM32Cube/Repository/STM32Cube_FW_F1_V1.8.4/Projects/STM32F103RB-Nucleo/Templates/SW4STM32/STM32F103RB_Nucleo/STM32F103VBIx_FLASH.ld' '-specs=nosys.specs' '-v' '-o' 'cmTC_4ce65' '-mthumb'


Parsed CXX implicit link information from above output:
  link line regex: [^( *|.*[/\])(arm-none-eabi-ld|CMAKE_LINK_STARTFILE-NOTFOUND|([^/\]+-)?ld|collect2)[^/\]*( |$)]
  ignore line: [Change Dir: /home/pony/balanceCar_freertos/Core/build/CMakeFiles/CMakeTmp]
  ignore line: []
  ignore line: [Run Build Command:"/usr/bin/ninja" "cmTC_4ce65"]
  ignore line: [[1/2] Building CXX object CMakeFiles/cmTC_4ce65.dir/CMakeCXXCompilerABI.cpp.obj]
  ignore line: [[2/2] Linking CXX executable cmTC_4ce65]
  ignore line: [Using built-in specs.]
  ignore line: [Reading specs from /usr/lib/gcc/arm-none-eabi/6.3.1/../../../arm-none-eabi/lib/nosys.specs]
  ignore line: [rename spec link_gcc_c_sequence to nosys_link_gcc_c_sequence]
  ignore line: [COLLECT_GCC=/usr/bin/arm-none-eabi-g++]
  ignore line: [COLLECT_LTO_WRAPPER=/usr/lib/gcc/arm-none-eabi/6.3.1/lto-wrapper]
  ignore line: [Target: arm-none-eabi]
  ignore line: [Configured with: ../src/configure --build=x86_64-linux-gnu --prefix=/usr --includedir='/usr/lib/include' --mandir='/usr/lib/share/man' --infodir='/usr/lib/share/info' --sysconfdir=/etc --localstatedir=/var --disable-silent-rules --libdir='/usr/lib/lib/x86_64-linux-gnu' --libexecdir='/usr/lib/lib/x86_64-linux-gnu' --disable-maintainer-mode --disable-dependency-tracking --mandir=/usr/share/man --enable-languages=c,c++,lto --enable-multilib --disable-decimal-float --disable-libffi --disable-libgomp --disable-libmudflap --disable-libquadmath --disable-libssp --disable-libstdcxx-pch --disable-nls --disable-shared --disable-threads --disable-tls --build=x86_64-linux-gnu --target=arm-none-eabi --with-system-zlib --with-gnu-as --with-gnu-ld --with-pkgversion=15:6.3.1+svn253039-1build1 --without-included-gettext --prefix=/usr/lib --infodir=/usr/share/doc/gcc-arm-none-eabi/info --htmldir=/usr/share/doc/gcc-arm-none-eabi/html --pdfdir=/usr/share/doc/gcc-arm-none-eabi/pdf --bindir=/usr/bin --libexecdir=/usr/lib --libdir=/usr/lib --disable-libstdc++-v3 --host=x86_64-linux-gnu --with-headers=no --without-newlib --with-multilib-list=rmprofile CFLAGS='-g -O2 -fdebug-prefix-map=/build/gcc-arm-none-eabi-iopiMw/gcc-arm-none-eabi-6.3.1+svn253039=. -fstack-protector-strong' CPPFLAGS='-Wdate-time -D_FORTIFY_SOURCE=2' CXXFLAGS='-g -O2 -fdebug-prefix-map=/build/gcc-arm-none-eabi-iopiMw/gcc-arm-none-eabi-6.3.1+svn253039=. -fstack-protector-strong' FCFLAGS='-g -O2 -fdebug-prefix-map=/build/gcc-arm-none-eabi-iopiMw/gcc-arm-none-eabi-6.3.1+svn253039=. -fstack-protector-strong' FFLAGS='-g -O2 -fdebug-prefix-map=/build/gcc-arm-none-eabi-iopiMw/gcc-arm-none-eabi-6.3.1+svn253039=. -fstack-protector-strong' GCJFLAGS='-g -O2 -fdebug-prefix-map=/build/gcc-arm-none-eabi-iopiMw/gcc-arm-none-eabi-6.3.1+svn253039=. -fstack-protector-strong' LDFLAGS='-Wl,-Bsymbolic-functions -Wl,-z,relro' OBJCFLAGS='-g -O2 -fdebug-prefix-map=/build/gcc-arm-none-eabi-iopiMw/gcc-arm-none-eabi-6.3.1+svn253039=. -fstack-protector-strong' OBJCXXFLAGS='-g -O2 -fdebug-prefix-map=/build/gcc-arm-none-eabi-iopiMw/gcc-arm-none-eabi-6.3.1+svn253039=. -fstack-protector-strong' INHIBIT_LIBC_CFLAGS=-DUSE_TM_CLONE_REGISTRY=0 AR_FOR_TARGET=arm-none-eabi-ar AS_FOR_TARGET=arm-none-eabi-as LD_FOR_TARGET=arm-none-eabi-ld NM_FOR_TARGET=arm-none-eabi-nm OBJDUMP_FOR_TARGET=arm-none-eabi-objdump RANLIB_FOR_TARGET=arm-none-eabi-ranlib READELF_FOR_TARGET=arm-none-eabi-readelf STRIP_FOR_TARGET=arm-none-eabi-strip]
  ignore line: [Thread model: single]
  ignore line: [gcc version 6.3.1 20170620 (15:6.3.1+svn253039-1build1) ]
  ignore line: [COMPILER_PATH=/usr/lib/gcc/arm-none-eabi/6.3.1/:/usr/lib/gcc/arm-none-eabi/6.3.1/:/usr/lib/gcc/arm-none-eabi/:/usr/lib/gcc/arm-none-eabi/6.3.1/:/usr/lib/gcc/arm-none-eabi/:/usr/lib/gcc/arm-none-eabi/6.3.1/../../../arm-none-eabi/bin/]
  ignore line: [LIBRARY_PATH=/usr/lib/gcc/arm-none-eabi/6.3.1/thumb/v7-m/:/usr/lib/gcc/arm-none-eabi/6.3.1/../../../arm-none-eabi/lib/thumb/v7-m/:/usr/lib/gcc/arm-none-eabi/6.3.1/:/usr/lib/gcc/arm-none-eabi/6.3.1/../../../arm-none-eabi/lib/]
  ignore line: [COLLECT_GCC_OPTIONS='-mcpu=cortex-m3' '-std=c++1z' '-fno-rtti' '-fno-exceptions' '-fdata-sections' '-ffunction-sections' '-MD' '-Wall' '-T' '/home/pony/STM32Cube/Repository/STM32Cube_FW_F1_V1.8.4/Projects/STM32F103RB-Nucleo/Templates/SW4STM32/STM32F103RB_Nucleo/STM32F103VBIx_FLASH.ld' '-specs=nosys.specs' '-v' '-o' 'cmTC_4ce65' '-mthumb']
  link line: [ /usr/lib/gcc/arm-none-eabi/6.3.1/collect2 -plugin /usr/lib/gcc/arm-none-eabi/6.3.1/liblto_plugin.so -plugin-opt=/usr/lib/gcc/arm-none-eabi/6.3.1/lto-wrapper -plugin-opt=-fresolution=/tmp/cccYdxk7.res -plugin-opt=-pass-through=-lgcc -plugin-opt=-pass-through=-lc -plugin-opt=-pass-through=-lgcc -plugin-opt=-pass-through=-lc -plugin-opt=-pass-through=-lnosys -X -o cmTC_4ce65 /usr/lib/gcc/arm-none-eabi/6.3.1/thumb/v7-m/crti.o /usr/lib/gcc/arm-none-eabi/6.3.1/thumb/v7-m/crtbegin.o /usr/lib/gcc/arm-none-eabi/6.3.1/../../../arm-none-eabi/lib/thumb/v7-m/crt0.o -L/usr/lib/gcc/arm-none-eabi/6.3.1/thumb/v7-m -L/usr/lib/gcc/arm-none-eabi/6.3.1/../../../arm-none-eabi/lib/thumb/v7-m -L/usr/lib/gcc/arm-none-eabi/6.3.1 -L/usr/lib/gcc/arm-none-eabi/6.3.1/../../../arm-none-eabi/lib --gc-sections CMakeFiles/cmTC_4ce65.dir/CMakeCXXCompilerABI.cpp.obj -lstdc++ -lm --start-group -lgcc -lc --end-group --start-group -lgcc -lc -lnosys --end-group /usr/lib/gcc/arm-none-eabi/6.3.1/thumb/v7-m/crtend.o /usr/lib/gcc/arm-none-eabi/6.3.1/thumb/v7-m/crtn.o -T /home/pony/STM32Cube/Repository/STM32Cube_FW_F1_V1.8.4/Projects/STM32F103RB-Nucleo/Templates/SW4STM32/STM32F103RB_Nucleo/STM32F103VBIx_FLASH.ld]
    arg [/usr/lib/gcc/arm-none-eabi/6.3.1/collect2] ==> ignore
    arg [-plugin] ==> ignore
    arg [/usr/lib/gcc/arm-none-eabi/6.3.1/liblto_plugin.so] ==> ignore
    arg [-plugin-opt=/usr/lib/gcc/arm-none-eabi/6.3.1/lto-wrapper] ==> ignore
    arg [-plugin-opt=-fresolution=/tmp/cccYdxk7.res] ==> ignore
    arg [-plugin-opt=-pass-through=-lgcc] ==> ignore
    arg [-plugin-opt=-pass-through=-lc] ==> ignore
    arg [-plugin-opt=-pass-through=-lgcc] ==> ignore
    arg [-plugin-opt=-pass-through=-lc] ==> ignore
    arg [-plugin-opt=-pass-through=-lnosys] ==> ignore
    arg [-X] ==> ignore
    arg [-o] ==> ignore
    arg [cmTC_4ce65] ==> ignore
    arg [/usr/lib/gcc/arm-none-eabi/6.3.1/thumb/v7-m/crti.o] ==> ignore
    arg [/usr/lib/gcc/arm-none-eabi/6.3.1/thumb/v7-m/crtbegin.o] ==> ignore
    arg [/usr/lib/gcc/arm-none-eabi/6.3.1/../../../arm-none-eabi/lib/thumb/v7-m/crt0.o] ==> ignore
    arg [-L/usr/lib/gcc/arm-none-eabi/6.3.1/thumb/v7-m] ==> dir [/usr/lib/gcc/arm-none-eabi/6.3.1/thumb/v7-m]
    arg [-L/usr/lib/gcc/arm-none-eabi/6.3.1/../../../arm-none-eabi/lib/thumb/v7-m] ==> dir [/usr/lib/gcc/arm-none-eabi/6.3.1/../../../arm-none-eabi/lib/thumb/v7-m]
    arg [-L/usr/lib/gcc/arm-none-eabi/6.3.1] ==> dir [/usr/lib/gcc/arm-none-eabi/6.3.1]
    arg [-L/usr/lib/gcc/arm-none-eabi/6.3.1/../../../arm-none-eabi/lib] ==> dir [/usr/lib/gcc/arm-none-eabi/6.3.1/../../../arm-none-eabi/lib]
    arg [--gc-sections] ==> ignore
    arg [CMakeFiles/cmTC_4ce65.dir/CMakeCXXCompilerABI.cpp.obj] ==> ignore
    arg [-lstdc++] ==> lib [stdc++]
    arg [-lm] ==> lib [m]
    arg [--start-group] ==> ignore
    arg [-lgcc] ==> lib [gcc]
    arg [-lc] ==> lib [c]
    arg [--end-group] ==> ignore
    arg [--start-group] ==> ignore
    arg [-lgcc] ==> lib [gcc]
    arg [-lc] ==> lib [c]
    arg [-lnosys] ==> lib [nosys]
    arg [--end-group] ==> ignore
    arg [/usr/lib/gcc/arm-none-eabi/6.3.1/thumb/v7-m/crtend.o] ==> ignore
    arg [/usr/lib/gcc/arm-none-eabi/6.3.1/thumb/v7-m/crtn.o] ==> ignore
    arg [-T] ==> ignore
    arg [/home/pony/STM32Cube/Repository/STM32Cube_FW_F1_V1.8.4/Projects/STM32F103RB-Nucleo/Templates/SW4STM32/STM32F103RB_Nucleo/STM32F103VBIx_FLASH.ld] ==> ignore
  collapse library dir [/usr/lib/gcc/arm-none-eabi/6.3.1/thumb/v7-m] ==> [/usr/lib/gcc/arm-none-eabi/6.3.1/thumb/v7-m]
  collapse library dir [/usr/lib/gcc/arm-none-eabi/6.3.1/../../../arm-none-eabi/lib/thumb/v7-m] ==> [/usr/lib/arm-none-eabi/lib/thumb/v7-m]
  collapse library dir [/usr/lib/gcc/arm-none-eabi/6.3.1] ==> [/usr/lib/gcc/arm-none-eabi/6.3.1]
  collapse library dir [/usr/lib/gcc/arm-none-eabi/6.3.1/../../../arm-none-eabi/lib] ==> [/usr/lib/arm-none-eabi/lib]
  implicit libs: [stdc++;m;gcc;c;gcc;c;nosys]
  implicit dirs: [/usr/lib/gcc/arm-none-eabi/6.3.1/thumb/v7-m;/usr/lib/arm-none-eabi/lib/thumb/v7-m;/usr/lib/gcc/arm-none-eabi/6.3.1;/usr/lib/arm-none-eabi/lib]
  implicit fwks: []




Detecting CXX [-std=c++1z] compiler features compiled with the following output:
Change Dir: /home/pony/balanceCar_freertos/Core/build/CMakeFiles/CMakeTmp

Run Build Command:"/usr/bin/ninja" "cmTC_46710"
[1/2] Building CXX object CMakeFiles/cmTC_46710.dir/feature_tests.cxx.obj
[2/2] Linking CXX executable cmTC_46710
/usr/lib/gcc/arm-none-eabi/6.3.1/../../../arm-none-eabi/bin/ld: warning: cannot find entry symbol Reset_Handler; defaulting to 0000000008000000




Detecting CXX [-std=c++14] compiler features compiled with the following output:
Change Dir: /home/pony/balanceCar_freertos/Core/build/CMakeFiles/CMakeTmp

Run Build Command:"/usr/bin/ninja" "cmTC_59302"
[1/2] Building CXX object CMakeFiles/cmTC_59302.dir/feature_tests.cxx.obj
[2/2] Linking CXX executable cmTC_59302
/usr/lib/gcc/arm-none-eabi/6.3.1/../../../arm-none-eabi/bin/ld: warning: cannot find entry symbol Reset_Handler; defaulting to 0000000008000000




Detecting CXX [-std=c++11] compiler features compiled with the following output:
Change Dir: /home/pony/balanceCar_freertos/Core/build/CMakeFiles/CMakeTmp

Run Build Command:"/usr/bin/ninja" "cmTC_27195"
[1/2] Building CXX object CMakeFiles/cmTC_27195.dir/feature_tests.cxx.obj
[2/2] Linking CXX executable cmTC_27195
/usr/lib/gcc/arm-none-eabi/6.3.1/../../../arm-none-eabi/bin/ld: warning: cannot find entry symbol Reset_Handler; defaulting to 0000000008000000




Detecting CXX [-std=c++98] compiler features compiled with the following output:
Change Dir: /home/pony/balanceCar_freertos/Core/build/CMakeFiles/CMakeTmp

Run Build Command:"/usr/bin/ninja" "cmTC_b6446"
[1/2] Building CXX object CMakeFiles/cmTC_b6446.dir/feature_tests.cxx.obj
[2/2] Linking CXX executable cmTC_b6446
/usr/lib/gcc/arm-none-eabi/6.3.1/../../../arm-none-eabi/bin/ld: warning: cannot find entry symbol Reset_Handler; defaulting to 0000000008000000


